2024-08-03 12:21:53 info: Mongo DB Conectado
2024-08-03 12:21:53 info: Escuchando el servidor en el puerto 8080
2024-08-03 12:21:53 error: Se cayo el server
2024-08-03 12:21:53 warn: Se cayo el server
2024-08-03 12:22:51 info: Mongo DB Conectado
2024-08-03 12:22:51 info: Escuchando el servidor en el puerto 8080
2024-08-03 12:22:51 error: Se cayo el server
2024-08-03 12:22:51 warn: Se cayo el server
2024-08-03 12:22:51 http: /GE
2024-08-03 12:23:34 info: Mongo DB Conectado
2024-08-03 12:23:34 info: Escuchando el servidor en el puerto 8080
2024-08-03 12:23:34 error: Se cayo el server
2024-08-03 12:23:34 warn: Se cayo el server
2024-08-03 12:26:40 info: Mongo DB Conectado
2024-08-03 12:26:40 info: Escuchando el servidor en el puerto 8080
2024-08-03 12:26:40 error: Se cayo el server
2024-08-03 12:26:40 warn: Se cayo el server
2024-08-03 12:46:44 info: Mongo DB Conectado
2024-08-03 12:46:44 info: Escuchando el servidor en el puerto 8080
2024-08-03 12:46:44 error: Se cayo el server
2024-08-03 12:46:44 warn: Se cayo el server
2024-08-03 12:47:13 info: Mongo DB Conectado
2024-08-03 12:47:13 info: Escuchando el servidor en el puerto 8080
2024-08-03 12:47:13 error: Se cayo el server
2024-08-03 12:47:13 warn: Se cayo el server
2024-08-03 12:48:02 info: Mongo DB Conectado
2024-08-03 12:48:02 info: Escuchando el servidor en el puerto 8080
2024-08-03 12:48:02 error: Se cayo el server
2024-08-03 12:48:02 warn: Se cayo el server
2024-08-03 12:48:13 info: Mongo DB Conectado
2024-08-03 12:48:13 info: Escuchando el servidor en el puerto 8080
2024-08-03 12:48:13 error: Se cayo el server
2024-08-03 12:48:13 warn: Se cayo el server
2024-08-03 12:48:14 info: Mongo DB Conectado
2024-08-03 12:48:14 info: Escuchando el servidor en el puerto 8080
2024-08-03 12:48:14 error: Se cayo el server
2024-08-03 12:48:14 warn: Se cayo el server
2024-08-03 12:48:16 info: Mongo DB Conectado
2024-08-03 12:48:16 info: Escuchando el servidor en el puerto 8080
2024-08-03 12:48:16 error: Se cayo el server
2024-08-03 12:48:16 warn: Se cayo el server
2024-08-03 12:49:22 info: Mongo DB Conectado
2024-08-03 12:49:22 info: Escuchando el servidor en el puerto 8080
2024-08-03 12:49:22 error: Se cayo el server
2024-08-03 12:49:22 warn: Se cayo el server
2024-08-03 12:50:27 info: Mongo DB Conectado
2024-08-03 12:50:27 info: Escuchando el servidor en el puerto 8080
2024-08-03 12:50:27 error: Se cayo el server
2024-08-03 12:50:27 warn: Se cayo el server
2024-08-03 12:51:50 info: Mongo DB Conectado
2024-08-03 12:51:50 info: Escuchando el servidor en el puerto 8080
2024-08-03 12:52:18 info: Mongo DB Conectado
2024-08-03 12:52:18 info: Escuchando el servidor en el puerto 8080
2024-08-03 12:52:18 error: Escuchando el servidor en el puerto 8080
2024-08-03 12:56:22 info: Mongo DB Conectado
2024-08-03 12:56:22 info: Escuchando el servidor en el puerto 8080
2024-08-03 12:56:22 error: Escuchando el servidor en el puerto 8080
2024-08-03 12:57:25 info: Mongo DB Conectado
2024-08-03 12:57:25 info: Escuchando el servidor en el puerto 8080
2024-08-03 12:57:28 info: Mongo DB Conectado
2024-08-03 12:57:28 info: Escuchando el servidor en el puerto 8080
2024-08-03 12:59:29 info: Mongo DB Conectado
2024-08-03 12:59:29 info: Escuchando el servidor en el puerto 8080
2024-08-03 12:59:32 error: Product id 663ecface7a12be667faa99e not found
2024-08-03 12:59:42 info: Mongo DB Conectado
2024-08-03 12:59:42 info: Escuchando el servidor en el puerto 8080
2024-08-03 12:59:44 error: Product id 663ecface7a12be667faa99e not found
2024-08-03 13:00:37 error: Cast to ObjectId failed for value "663ecface7a12be667faa99" (type string) at path "_id" for model "products"
2024-08-03 13:02:23 info: Mongo DB Conectado
2024-08-03 13:02:23 info: Escuchando el servidor en el puerto 8080
2024-08-03 13:03:28 info: Mongo DB Conectado
2024-08-03 13:03:28 info: Escuchando el servidor en el puerto 8080
2024-08-03 13:03:41 info: Mongo DB Conectado
2024-08-03 13:03:41 info: Escuchando el servidor en el puerto 8080
2024-08-03 13:03:57 error: Internal Server Error
2024-08-03 13:04:39 info: Mongo DB Conectado
2024-08-03 13:04:39 info: Escuchando el servidor en el puerto 8080
2024-08-03 13:04:50 error: Cast to ObjectId failed for value "663ecface7a12be667faa99" (type string) at path "_id" for model "products"
2024-08-03 13:08:24 error: Cast to ObjectId failed for value "fdsfsdfsd" (type string) at path "_id" for model "products"
2024-08-03 13:11:44 info: Mongo DB Conectado
2024-08-03 13:11:44 info: Escuchando el servidor en el puerto 8080
2024-08-03 13:11:48 error: [GET] /api/products/id:
2024-08-03 13:11:48 error: Cast to ObjectId failed for value "fdsfsdfsd" (type string) at path "_id" for model "products"
2024-08-03 13:12:23 error: [GET] /api/products/id:
2024-08-03 13:13:56 info: Mongo DB Conectado
2024-08-03 13:13:56 info: Escuchando el servidor en el puerto 8080
2024-08-03 13:14:02 error: [GET] /api/products/id:
2024-08-03 13:14:02 error: Cast to ObjectId failed for value "663ecfac" (type string) at path "_id" for model "products"
2024-08-03 13:14:12 info: Mongo DB Conectado
2024-08-03 13:14:12 info: Escuchando el servidor en el puerto 8080
2024-08-03 13:14:16 error: [GET] /api/products/id:
2024-08-03 13:14:16 error: Cast to ObjectId failed for value "663ecfac" (type string) at path "_id" for model "products"
2024-08-03 13:16:13 info: Mongo DB Conectado
2024-08-03 13:16:13 info: Escuchando el servidor en el puerto 8080
2024-08-03 13:16:44 info: Mongo DB Conectado
2024-08-03 13:16:44 info: Escuchando el servidor en el puerto 8080
2024-08-03 13:17:13 info: Mongo DB Conectado
2024-08-03 13:17:13 info: Escuchando el servidor en el puerto 8080
2024-08-03 14:20:57 info: Mongo DB Conectado
2024-08-03 14:20:57 info: Escuchando el servidor en el puerto 8080
2024-08-03 14:22:42 info: Mongo DB Conectado
2024-08-03 14:22:42 info: Escuchando el servidor en el puerto 8080
2024-08-03 14:26:55 info: Mongo DB Conectado
2024-08-03 14:26:55 info: Escuchando el servidor en el puerto 8080
2024-08-03 14:36:07 info: Mongo DB Conectado
2024-08-03 14:36:07 info: Escuchando el servidor en el puerto 8080
2024-08-03 14:38:10 info: Mongo DB Conectado
2024-08-03 14:38:10 info: Escuchando el servidor en el puerto 8080
2024-08-03 14:38:50 info: Mongo DB Conectado
2024-08-03 14:38:50 info: Escuchando el servidor en el puerto 8080
2024-08-03 14:49:12 info: Mongo DB Conectado
2024-08-03 14:49:12 info: Escuchando el servidor en el puerto 8080
2024-08-03 15:58:18 info: Mongo DB Conectado
2024-08-03 15:58:18 info: Escuchando el servidor en el puerto 8080
2024-08-03 15:58:49 info: Mongo DB Conectado
2024-08-03 15:58:49 info: Escuchando el servidor en el puerto 8080
2024-08-03 15:59:13 info: Mongo DB Conectado
2024-08-03 15:59:13 info: Escuchando el servidor en el puerto 8080
