2024-08-03 12:21:53 info: Mongo DB Conectado
2024-08-03 12:21:53 info: Escuchando el servidor en el puerto 8080
2024-08-03 12:21:53 error: Se cayo el server
2024-08-03 12:21:53 warn: Se cayo el server
2024-08-03 12:22:51 info: Mongo DB Conectado
2024-08-03 12:22:51 info: Escuchando el servidor en el puerto 8080
2024-08-03 12:22:51 error: Se cayo el server
2024-08-03 12:22:51 warn: Se cayo el server
2024-08-03 12:22:51 http: /GE
2024-08-03 12:23:34 info: Mongo DB Conectado
2024-08-03 12:23:34 info: Escuchando el servidor en el puerto 8080
2024-08-03 12:23:34 error: Se cayo el server
2024-08-03 12:23:34 warn: Se cayo el server
2024-08-03 12:26:40 info: Mongo DB Conectado
2024-08-03 12:26:40 info: Escuchando el servidor en el puerto 8080
2024-08-03 12:26:40 error: Se cayo el server
2024-08-03 12:26:40 warn: Se cayo el server
2024-08-03 12:46:44 info: Mongo DB Conectado
2024-08-03 12:46:44 info: Escuchando el servidor en el puerto 8080
2024-08-03 12:46:44 error: Se cayo el server
2024-08-03 12:46:44 warn: Se cayo el server
2024-08-03 12:47:13 info: Mongo DB Conectado
2024-08-03 12:47:13 info: Escuchando el servidor en el puerto 8080
2024-08-03 12:47:13 error: Se cayo el server
2024-08-03 12:47:13 warn: Se cayo el server
2024-08-03 12:48:02 info: Mongo DB Conectado
2024-08-03 12:48:02 info: Escuchando el servidor en el puerto 8080
2024-08-03 12:48:02 error: Se cayo el server
2024-08-03 12:48:02 warn: Se cayo el server
2024-08-03 12:48:13 info: Mongo DB Conectado
2024-08-03 12:48:13 info: Escuchando el servidor en el puerto 8080
2024-08-03 12:48:13 error: Se cayo el server
2024-08-03 12:48:13 warn: Se cayo el server
2024-08-03 12:48:14 info: Mongo DB Conectado
2024-08-03 12:48:14 info: Escuchando el servidor en el puerto 8080
2024-08-03 12:48:14 error: Se cayo el server
2024-08-03 12:48:14 warn: Se cayo el server
2024-08-03 12:48:16 info: Mongo DB Conectado
2024-08-03 12:48:16 info: Escuchando el servidor en el puerto 8080
2024-08-03 12:48:16 error: Se cayo el server
2024-08-03 12:48:16 warn: Se cayo el server
2024-08-03 12:49:22 info: Mongo DB Conectado
2024-08-03 12:49:22 info: Escuchando el servidor en el puerto 8080
2024-08-03 12:49:22 error: Se cayo el server
2024-08-03 12:49:22 warn: Se cayo el server
2024-08-03 12:50:27 info: Mongo DB Conectado
2024-08-03 12:50:27 info: Escuchando el servidor en el puerto 8080
2024-08-03 12:50:27 error: Se cayo el server
2024-08-03 12:50:27 warn: Se cayo el server
2024-08-03 12:51:50 info: Mongo DB Conectado
2024-08-03 12:51:50 info: Escuchando el servidor en el puerto 8080
2024-08-03 12:52:18 info: Mongo DB Conectado
2024-08-03 12:52:18 info: Escuchando el servidor en el puerto 8080
2024-08-03 12:52:18 error: Escuchando el servidor en el puerto 8080
2024-08-03 12:56:22 info: Mongo DB Conectado
2024-08-03 12:56:22 info: Escuchando el servidor en el puerto 8080
2024-08-03 12:56:22 error: Escuchando el servidor en el puerto 8080
2024-08-03 12:57:25 info: Mongo DB Conectado
2024-08-03 12:57:25 info: Escuchando el servidor en el puerto 8080
2024-08-03 12:57:28 info: Mongo DB Conectado
2024-08-03 12:57:28 info: Escuchando el servidor en el puerto 8080
2024-08-03 12:59:29 info: Mongo DB Conectado
2024-08-03 12:59:29 info: Escuchando el servidor en el puerto 8080
2024-08-03 12:59:32 error: Product id 663ecface7a12be667faa99e not found
2024-08-03 12:59:42 info: Mongo DB Conectado
2024-08-03 12:59:42 info: Escuchando el servidor en el puerto 8080
2024-08-03 12:59:44 error: Product id 663ecface7a12be667faa99e not found
2024-08-03 13:00:37 error: Cast to ObjectId failed for value "663ecface7a12be667faa99" (type string) at path "_id" for model "products"
2024-08-03 13:02:23 info: Mongo DB Conectado
2024-08-03 13:02:23 info: Escuchando el servidor en el puerto 8080
2024-08-03 13:03:28 info: Mongo DB Conectado
2024-08-03 13:03:28 info: Escuchando el servidor en el puerto 8080
2024-08-03 13:03:41 info: Mongo DB Conectado
2024-08-03 13:03:41 info: Escuchando el servidor en el puerto 8080
2024-08-03 13:03:57 error: Internal Server Error
2024-08-03 13:04:39 info: Mongo DB Conectado
2024-08-03 13:04:39 info: Escuchando el servidor en el puerto 8080
2024-08-03 13:04:50 error: Cast to ObjectId failed for value "663ecface7a12be667faa99" (type string) at path "_id" for model "products"
2024-08-03 13:08:24 error: Cast to ObjectId failed for value "fdsfsdfsd" (type string) at path "_id" for model "products"
2024-08-03 13:11:44 info: Mongo DB Conectado
2024-08-03 13:11:44 info: Escuchando el servidor en el puerto 8080
2024-08-03 13:11:48 error: [GET] /api/products/id:
2024-08-03 13:11:48 error: Cast to ObjectId failed for value "fdsfsdfsd" (type string) at path "_id" for model "products"
2024-08-03 13:12:23 error: [GET] /api/products/id:
2024-08-03 13:13:56 info: Mongo DB Conectado
2024-08-03 13:13:56 info: Escuchando el servidor en el puerto 8080
2024-08-03 13:14:02 error: [GET] /api/products/id:
2024-08-03 13:14:02 error: Cast to ObjectId failed for value "663ecfac" (type string) at path "_id" for model "products"
2024-08-03 13:14:12 info: Mongo DB Conectado
2024-08-03 13:14:12 info: Escuchando el servidor en el puerto 8080
2024-08-03 13:14:16 error: [GET] /api/products/id:
2024-08-03 13:14:16 error: Cast to ObjectId failed for value "663ecfac" (type string) at path "_id" for model "products"
2024-08-03 13:16:13 info: Mongo DB Conectado
2024-08-03 13:16:13 info: Escuchando el servidor en el puerto 8080
2024-08-03 13:16:44 info: Mongo DB Conectado
2024-08-03 13:16:44 info: Escuchando el servidor en el puerto 8080
2024-08-03 13:17:13 info: Mongo DB Conectado
2024-08-03 13:17:13 info: Escuchando el servidor en el puerto 8080
2024-08-03 14:20:57 info: Mongo DB Conectado
2024-08-03 14:20:57 info: Escuchando el servidor en el puerto 8080
2024-08-03 14:22:42 info: Mongo DB Conectado
2024-08-03 14:22:42 info: Escuchando el servidor en el puerto 8080
2024-08-03 14:26:55 info: Mongo DB Conectado
2024-08-03 14:26:55 info: Escuchando el servidor en el puerto 8080
2024-08-03 14:36:07 info: Mongo DB Conectado
2024-08-03 14:36:07 info: Escuchando el servidor en el puerto 8080
2024-08-03 14:38:10 info: Mongo DB Conectado
2024-08-03 14:38:10 info: Escuchando el servidor en el puerto 8080
2024-08-03 14:38:50 info: Mongo DB Conectado
2024-08-03 14:38:50 info: Escuchando el servidor en el puerto 8080
2024-08-03 14:49:12 info: Mongo DB Conectado
2024-08-03 14:49:12 info: Escuchando el servidor en el puerto 8080
2024-08-03 15:58:18 info: Mongo DB Conectado
2024-08-03 15:58:18 info: Escuchando el servidor en el puerto 8080
2024-08-03 15:58:49 info: Mongo DB Conectado
2024-08-03 15:58:49 info: Escuchando el servidor en el puerto 8080
2024-08-03 15:59:13 info: Mongo DB Conectado
2024-08-03 15:59:13 info: Escuchando el servidor en el puerto 8080
2024-08-16 20:21:17 info: Mongo DB Conectado
2024-08-16 20:21:17 info: Escuchando el servidor en el puerto 8080
2024-08-16 20:23:42 info: Mongo DB Conectado
2024-08-16 20:23:42 info: Escuchando el servidor en el puerto 8080
2024-08-16 20:24:03 info: Mongo DB Conectado
2024-08-16 20:24:03 info: Escuchando el servidor en el puerto 8080
2024-08-16 20:24:16 info: Mongo DB Conectado
2024-08-16 20:24:16 info: Escuchando el servidor en el puerto 8080
2024-08-16 20:24:54 info: Mongo DB Conectado
2024-08-16 20:24:54 info: Escuchando el servidor en el puerto 8080
2024-08-16 20:26:02 info: Mongo DB Conectado
2024-08-16 20:26:02 info: Escuchando el servidor en el puerto 8080
2024-08-16 20:26:19 info: Mongo DB Conectado
2024-08-16 20:26:19 info: Escuchando el servidor en el puerto 8080
2024-08-16 20:27:08 info: Mongo DB Conectado
2024-08-16 20:27:08 info: Escuchando el servidor en el puerto 8080
2024-08-16 20:28:37 info: Mongo DB Conectado
2024-08-16 20:28:37 info: Escuchando el servidor en el puerto 8080
2024-08-16 20:28:46 info: Mongo DB Conectado
2024-08-16 20:28:46 info: Escuchando el servidor en el puerto 8080
2024-08-16 20:29:36 info: Mongo DB Conectado
2024-08-16 20:29:36 info: Escuchando el servidor en el puerto 8080
2024-08-16 20:30:34 info: Mongo DB Conectado
2024-08-16 20:30:34 info: Escuchando el servidor en el puerto 8080
2024-08-16 20:30:52 info: Mongo DB Conectado
2024-08-16 20:30:52 info: Escuchando el servidor en el puerto 8080
2024-08-16 20:31:03 info: Mongo DB Conectado
2024-08-16 20:31:03 info: Escuchando el servidor en el puerto 8080
2024-08-16 20:31:47 info: Mongo DB Conectado
2024-08-16 20:31:47 info: Escuchando el servidor en el puerto 8080
2024-08-16 20:32:50 info: Mongo DB Conectado
2024-08-16 20:32:50 info: Escuchando el servidor en el puerto 8080
2024-08-16 20:34:19 info: Mongo DB Conectado
2024-08-16 20:34:19 info: Escuchando el servidor en el puerto 8080
2024-08-16 20:34:38 info: Mongo DB Conectado
2024-08-16 20:34:38 info: Escuchando el servidor en el puerto 8080
2024-08-16 20:37:29 info: Mongo DB Conectado
2024-08-16 20:37:29 info: Escuchando el servidor en el puerto 8080
2024-08-16 20:40:46 info: Mongo DB Conectado
2024-08-16 20:40:46 info: Escuchando el servidor en el puerto 8080
2024-08-16 20:44:59 info: Mongo DB Conectado
2024-08-16 20:44:59 info: Escuchando el servidor en el puerto 8080
2024-08-16 20:46:30 error: [POST] /api/user/reset-password - data and hash arguments required
2024-08-16 20:49:49 info: Mongo DB Conectado
2024-08-16 20:49:49 info: Escuchando el servidor en el puerto 8080
2024-08-16 20:50:02 error: [POST] /api/user/reset-password - data and hash arguments required
2024-08-16 20:50:23 info: Mongo DB Conectado
2024-08-16 20:50:23 info: Escuchando el servidor en el puerto 8080
2024-08-16 20:50:38 error: [POST] /api/user/reset-password - data and hash arguments required
2024-08-16 20:51:19 info: Mongo DB Conectado
2024-08-16 20:51:19 info: Escuchando el servidor en el puerto 8080
2024-08-16 20:51:35 info: Mongo DB Conectado
2024-08-16 20:51:35 info: Escuchando el servidor en el puerto 8080
2024-08-16 20:53:42 info: Mongo DB Conectado
2024-08-16 20:53:42 info: Escuchando el servidor en el puerto 8080
2024-08-16 20:54:46 info: Mongo DB Conectado
2024-08-16 20:54:46 info: Escuchando el servidor en el puerto 8080
2024-08-16 21:00:34 info: Mongo DB Conectado
2024-08-16 21:00:34 info: Escuchando el servidor en el puerto 8080
2024-08-16 21:01:07 info: Mongo DB Conectado
2024-08-16 21:01:07 info: Escuchando el servidor en el puerto 8080
2024-08-16 21:03:58 info: Mongo DB Conectado
2024-08-16 21:03:58 info: Escuchando el servidor en el puerto 8080
2024-08-16 21:04:49 info: Mongo DB Conectado
2024-08-16 21:04:49 info: Escuchando el servidor en el puerto 8080
2024-08-16 21:04:53 info: Mongo DB Conectado
2024-08-16 21:04:53 info: Escuchando el servidor en el puerto 8080
2024-08-16 21:06:22 info: Mongo DB Conectado
2024-08-16 21:06:22 info: Escuchando el servidor en el puerto 8080
2024-08-16 21:08:47 info: Mongo DB Conectado
2024-08-16 21:08:47 info: Escuchando el servidor en el puerto 8080
2024-08-16 21:09:22 info: Mongo DB Conectado
2024-08-16 21:09:22 info: Escuchando el servidor en el puerto 8080
2024-08-16 21:09:37 info: Mongo DB Conectado
2024-08-16 21:09:37 info: Escuchando el servidor en el puerto 8080
2024-08-16 21:10:20 info: Mongo DB Conectado
2024-08-16 21:10:20 info: Escuchando el servidor en el puerto 8080
2024-08-16 21:10:21 info: Mongo DB Conectado
2024-08-16 21:10:21 info: Escuchando el servidor en el puerto 8080
2024-08-16 21:13:17 info: Mongo DB Conectado
2024-08-16 21:13:17 info: Escuchando el servidor en el puerto 8080
2024-08-16 21:14:14 info: Mongo DB Conectado
2024-08-16 21:14:14 info: Escuchando el servidor en el puerto 8080
2024-08-16 21:14:45 info: Mongo DB Conectado
2024-08-16 21:14:45 info: Escuchando el servidor en el puerto 8080
2024-08-16 21:15:58 info: Mongo DB Conectado
2024-08-16 21:15:58 info: Escuchando el servidor en el puerto 8080
2024-08-16 21:17:32 info: Mongo DB Conectado
2024-08-16 21:17:32 info: Escuchando el servidor en el puerto 8080
2024-08-16 21:18:36 info: Mongo DB Conectado
2024-08-16 21:18:36 info: Escuchando el servidor en el puerto 8080
2024-08-16 21:20:40 info: Mongo DB Conectado
2024-08-16 21:20:40 info: Escuchando el servidor en el puerto 8080
2024-08-16 21:20:45 info: Mongo DB Conectado
2024-08-16 21:20:45 info: Escuchando el servidor en el puerto 8080
2024-08-16 21:21:36 info: Mongo DB Conectado
2024-08-16 21:21:36 info: Escuchando el servidor en el puerto 8080
2024-08-16 21:21:42 info: Mongo DB Conectado
2024-08-16 21:21:42 info: Escuchando el servidor en el puerto 8080
2024-08-24 12:07:11 info: Mongo DB Conectado
2024-08-24 12:07:11 info: Escuchando el servidor en el puerto 8080
2024-08-24 12:08:26 info: Mongo DB Conectado
2024-08-24 12:08:26 info: Escuchando el servidor en el puerto 8080
2024-08-24 12:09:11 info: Mongo DB Conectado
2024-08-24 12:09:11 info: Escuchando el servidor en el puerto 8080
2024-08-24 12:09:41 info: Mongo DB Conectado
2024-08-24 12:09:41 info: Escuchando el servidor en el puerto 8080
2024-08-24 12:16:38 info: Mongo DB Conectado
2024-08-24 12:16:38 info: Escuchando el servidor en el puerto 8080
2024-08-24 12:17:42 info: Mongo DB Conectado
2024-08-24 12:17:42 info: Escuchando el servidor en el puerto 8080
2024-08-24 12:18:39 info: Mongo DB Conectado
2024-08-24 12:18:39 info: Escuchando el servidor en el puerto 8080
2024-08-24 12:20:34 info: Mongo DB Conectado
2024-08-24 12:20:34 info: Escuchando el servidor en el puerto 8080
2024-08-24 12:20:39 info: Mongo DB Conectado
2024-08-24 12:20:39 info: Escuchando el servidor en el puerto 8080
2024-08-24 12:40:15 info: Mongo DB Conectado
2024-08-24 12:40:15 info: Escuchando el servidor en el puerto 8080
2024-08-24 12:40:44 info: Mongo DB Conectado
2024-08-24 12:40:44 info: Escuchando el servidor en el puerto 8080
2024-08-24 12:57:50 info: Mongo DB Conectado
2024-08-24 12:57:50 info: Escuchando el servidor en el puerto 8080
2024-08-24 13:02:50 info: Mongo DB Conectado
2024-08-24 13:02:50 info: Escuchando el servidor en el puerto 8080
2024-08-24 13:04:34 info: Mongo DB Conectado
2024-08-24 13:04:34 info: Escuchando el servidor en el puerto 8080
2024-08-24 13:05:01 info: Mongo DB Conectado
2024-08-24 13:05:01 info: Escuchando el servidor en el puerto 8080
2024-08-24 13:11:52 info: Mongo DB Conectado
2024-08-24 13:11:52 info: Escuchando el servidor en el puerto 8080
2024-08-24 13:14:49 info: Mongo DB Conectado
2024-08-24 13:14:49 info: Escuchando el servidor en el puerto 8080
2024-08-24 13:17:25 info: Mongo DB Conectado
2024-08-24 13:17:25 info: Escuchando el servidor en el puerto 8080
2024-08-24 13:19:27 info: Mongo DB Conectado
2024-08-24 13:19:27 info: Escuchando el servidor en el puerto 8080
2024-08-24 13:20:16 error: _id - Cast to ObjectId failed for value "dffdsfdsfds" (type string) at path "_id" for model "products"
2024-08-24 13:22:02 info: Mongo DB Conectado
2024-08-24 13:22:02 info: Escuchando el servidor en el puerto 8080
2024-08-24 13:28:12 info: Mongo DB Conectado
2024-08-24 13:28:12 info: Escuchando el servidor en el puerto 8080
2024-08-24 13:28:23 info: Mongo DB Conectado
2024-08-24 13:28:23 info: Escuchando el servidor en el puerto 8080
2024-08-24 13:29:51 info: Mongo DB Conectado
2024-08-24 13:29:51 info: Escuchando el servidor en el puerto 8080
2024-08-24 13:33:04 info: Mongo DB Conectado
2024-08-24 13:33:04 info: Escuchando el servidor en el puerto 8080
2024-08-24 14:07:45 info: Mongo DB Conectado
2024-08-24 14:07:45 info: Escuchando el servidor en el puerto 8080
2024-08-24 14:09:22 info: Mongo DB Conectado
2024-08-24 14:09:22 info: Escuchando el servidor en el puerto 8080
2024-08-24 14:12:00 info: Mongo DB Conectado
2024-08-24 14:12:00 info: Escuchando el servidor en el puerto 8080
2024-08-24 14:12:34 info: Mongo DB Conectado
2024-08-24 14:12:34 info: Escuchando el servidor en el puerto 8080
2024-08-24 14:13:09 info: Mongo DB Conectado
2024-08-24 14:13:09 info: Escuchando el servidor en el puerto 8080
2024-08-24 14:13:49 info: Mongo DB Conectado
2024-08-24 14:13:49 info: Escuchando el servidor en el puerto 8080
2024-08-24 14:14:42 info: Mongo DB Conectado
2024-08-24 14:14:42 info: Escuchando el servidor en el puerto 8080
2024-08-24 14:16:56 info: Mongo DB Conectado
2024-08-24 14:16:56 info: Escuchando el servidor en el puerto 8080
2024-08-24 14:18:21 info: Mongo DB Conectado
2024-08-24 14:18:21 info: Escuchando el servidor en el puerto 8080
2024-08-24 14:18:59 info: Mongo DB Conectado
2024-08-24 14:18:59 info: Escuchando el servidor en el puerto 8080
2024-08-24 14:20:52 info: Mongo DB Conectado
2024-08-24 14:20:52 info: Escuchando el servidor en el puerto 8080
2024-08-24 14:21:44 info: Mongo DB Conectado
2024-08-24 14:21:44 info: Escuchando el servidor en el puerto 8080
2024-08-24 14:22:21 info: Mongo DB Conectado
2024-08-24 14:22:21 info: Escuchando el servidor en el puerto 8080
2024-08-24 14:22:52 info: Mongo DB Conectado
2024-08-24 14:22:52 info: Escuchando el servidor en el puerto 8080
2024-08-24 14:25:56 info: Mongo DB Conectado
2024-08-24 14:25:56 info: Escuchando el servidor en el puerto 8080
2024-08-24 14:27:56 info: Mongo DB Conectado
2024-08-24 14:27:56 info: Escuchando el servidor en el puerto 8080
2024-08-24 14:29:03 info: Mongo DB Conectado
2024-08-24 14:29:03 info: Escuchando el servidor en el puerto 8080
2024-08-24 14:30:00 info: Mongo DB Conectado
2024-08-24 14:30:00 info: Escuchando el servidor en el puerto 8080
2024-08-24 14:33:00 info: Mongo DB Conectado
2024-08-24 14:33:00 info: Escuchando el servidor en el puerto 8080
2024-08-24 14:34:49 info: Mongo DB Conectado
2024-08-24 14:34:49 info: Escuchando el servidor en el puerto 8080
2024-08-24 14:35:12 info: Mongo DB Conectado
2024-08-24 14:35:12 info: Escuchando el servidor en el puerto 8080
2024-08-24 14:35:16 info: Mongo DB Conectado
2024-08-24 14:35:16 info: Escuchando el servidor en el puerto 8080
2024-08-24 14:35:29 info: Mongo DB Conectado
2024-08-24 14:35:29 info: Escuchando el servidor en el puerto 8080
2024-08-24 14:35:41 info: Mongo DB Conectado
2024-08-24 14:35:41 info: Escuchando el servidor en el puerto 8080
2024-08-24 14:37:15 info: Mongo DB Conectado
2024-08-24 14:37:15 info: Escuchando el servidor en el puerto 8080
2024-08-24 14:38:10 info: Mongo DB Conectado
2024-08-24 14:38:10 info: Escuchando el servidor en el puerto 8080
2024-08-24 14:45:10 info: Mongo DB Conectado
2024-08-24 14:45:10 info: Escuchando el servidor en el puerto 8080
2024-08-24 14:46:03 info: Mongo DB Conectado
2024-08-24 14:46:03 info: Escuchando el servidor en el puerto 8080
2024-08-24 14:47:46 info: Mongo DB Conectado
2024-08-24 14:47:46 info: Escuchando el servidor en el puerto 8080
2024-08-24 14:48:48 info: Mongo DB Conectado
2024-08-24 14:48:48 info: Escuchando el servidor en el puerto 8080
2024-08-24 14:50:47 info: Mongo DB Conectado
2024-08-24 14:50:47 info: Escuchando el servidor en el puerto 8080
2024-08-24 14:52:05 info: Mongo DB Conectado
2024-08-24 14:52:05 info: Escuchando el servidor en el puerto 8080
